\BOOKMARK [0][-]{chapter.1}{\376\377\000I\000n\000t\000r\000o\000d\000u\000c\000t\000i\000o\000n}{}% 1
\BOOKMARK [1][-]{section.1.1}{\376\377\000O\000b\000j\000e\000c\000t\000i\000f}{chapter.1}% 2
\BOOKMARK [1][-]{section.1.2}{\376\377\000P\000\351\000r\000i\000m\000\350\000t\000r\000e}{chapter.1}% 3
\BOOKMARK [0][-]{chapter.2}{\376\377\000V\000u\000e\000\040\000d\000'\000e\000n\000s\000e\000m\000b\000l\000e\000\040\000d\000u\000\040\000s\000y\000s\000t\000\350\000m\000e}{}% 4
\BOOKMARK [1][-]{section.2.1}{\376\377\000S\000t\000a\000c\000k\000\040\000t\000e\000c\000h\000n\000i\000q\000u\000e}{chapter.2}% 5
\BOOKMARK [1][-]{section.2.2}{\376\377\000O\000r\000g\000a\000n\000i\000s\000a\000t\000i\000o\000n\000\040\000d\000u\000\040\000c\000o\000d\000e}{chapter.2}% 6
\BOOKMARK [1][-]{section.2.3}{\376\377\000A\000r\000c\000h\000i\000t\000e\000c\000t\000u\000r\000e\000\040\000l\000o\000g\000i\000q\000u\000e\000\040\000\050\000c\000o\000u\000c\000h\000e\000s\000\051}{chapter.2}% 7
\BOOKMARK [0][-]{chapter.3}{\376\377\000E\000x\000i\000g\000e\000n\000c\000e\000s\000\040\000\050\000e\000x\000t\000r\000a\000i\000t\000e\000s\000\040\000d\000u\000\040\000c\000o\000d\000e\000\040\000e\000t\000\040\000d\000u\000\040\000R\000E\000A\000D\000M\000E\000\051}{}% 8
\BOOKMARK [1][-]{section.3.1}{\376\377\000E\000x\000i\000g\000e\000n\000c\000e\000s\000\040\000f\000o\000n\000c\000t\000i\000o\000n\000n\000e\000l\000l\000e\000s}{chapter.3}% 9
\BOOKMARK [1][-]{section.3.2}{\376\377\000E\000x\000i\000g\000e\000n\000c\000e\000s\000\040\000n\000o\000n\000\040\000f\000o\000n\000c\000t\000i\000o\000n\000n\000e\000l\000l\000e\000s}{chapter.3}% 10
\BOOKMARK [0][-]{chapter.4}{\376\377\000M\000u\000l\000t\000i\000-\000t\000e\000n\000a\000n\000t\000\040\000e\000t\000\040\000i\000s\000o\000l\000a\000t\000i\000o\000n\000\040\000d\000e\000s\000\040\000d\000o\000n\000n\000\351\000e\000s}{}% 11
\BOOKMARK [1][-]{section.4.1}{\376\377\000P\000r\000i\000n\000c\000i\000p\000e}{chapter.4}% 12
\BOOKMARK [1][-]{section.4.2}{\376\377\000R\000\351\000s\000o\000l\000u\000t\000i\000o\000n\000\040\000d\000u\000\040\000t\000e\000n\000a\000n\000t}{chapter.4}% 13
\BOOKMARK [2][-]{subsection.4.2.1}{\376\377\000R\000\350\000g\000l\000e\000s\000\040\000d\000e\000\040\000r\000\351\000s\000o\000l\000u\000t\000i\000o\000n}{section.4.2}% 14
\BOOKMARK [0][-]{chapter.5}{\376\377\000S\000\351\000c\000u\000r\000i\000t\000\351}{}% 15
\BOOKMARK [1][-]{section.5.1}{\376\377\000A\000u\000t\000h\000e\000n\000t\000i\000f\000i\000c\000a\000t\000i\000o\000n}{chapter.5}% 16
\BOOKMARK [1][-]{section.5.2}{\376\377\000A\000u\000t\000o\000r\000i\000s\000a\000t\000i\000o\000n}{chapter.5}% 17
\BOOKMARK [1][-]{section.5.3}{\376\377\000G\000e\000s\000t\000i\000o\000n\000\040\000d\000e\000s\000\040\000e\000r\000r\000e\000u\000r\000s}{chapter.5}% 18
\BOOKMARK [0][-]{chapter.6}{\376\377\000C\000o\000n\000c\000e\000p\000t\000i\000o\000n\000\040\000d\000e\000s\000\040\000d\000o\000n\000n\000\351\000e\000s}{}% 19
\BOOKMARK [1][-]{section.6.1}{\376\377\000S\000t\000r\000a\000t\000\351\000g\000i\000e\000\040\000d\000e\000\040\000m\000i\000g\000r\000a\000t\000i\000o\000n}{chapter.6}% 20
\BOOKMARK [1][-]{section.6.2}{\376\377\000E\000n\000t\000i\000t\000\351\000s\000\040\000p\000r\000i\000n\000c\000i\000p\000a\000l\000e\000s\000\040\000\050\000c\000o\000m\000p\000t\000a\000b\000i\000l\000i\000t\000\351\000\051}{chapter.6}% 21
\BOOKMARK [1][-]{section.6.3}{\376\377\000M\000o\000d\000\350\000l\000e\000\040\000r\000e\000l\000a\000t\000i\000o\000n\000n\000e\000l\000\040\000\050\000e\000x\000t\000r\000a\000i\000t\000\051}{chapter.6}% 22
\BOOKMARK [0][-]{chapter.7}{\376\377\000A\000P\000I\000\040\000R\000E\000S\000T\000\040\000\050\000r\000e\000v\000e\000r\000s\000e\000\040\000e\000n\000g\000i\000n\000e\000e\000r\000i\000n\000g\000\051\000\040\040\024\000\040\000C\000o\000m\000p\000t\000a\000b\000i\000l\000i\000t\000\351}{}% 23
\BOOKMARK [1][-]{section.7.1}{\376\377\000C\000o\000n\000v\000e\000n\000t\000i\000o\000n\000s}{chapter.7}% 24
\BOOKMARK [1][-]{section.7.2}{\376\377\000E\000x\000e\000m\000p\000l\000e\000:\000\040\000/\000a\000p\000i\000/\000a\000c\000c\000o\000u\000n\000t\000i\000n\000g\000/\000e\000c\000r\000i\000t\000u\000r\000e\000s}{chapter.7}% 25
\BOOKMARK [1][-]{section.7.3}{\376\377\000C\000o\000u\000v\000e\000r\000t\000u\000r\000e\000\040\000d\000e\000s\000\040\000c\000o\000n\000t\000r\000\364\000l\000e\000u\000r\000s\000\040\000d\000u\000\040\000m\000o\000d\000u\000l\000e\000\040\000c\000o\000m\000p\000t\000a\000b\000l\000e}{chapter.7}% 26
\BOOKMARK [1][-]{section.7.4}{\376\377\000A\000n\000n\000e\000x\000e\000\040\000A\000P\000I\000\040\000e\000x\000h\000a\000u\000s\000t\000i\000v\000e}{chapter.7}% 27
\BOOKMARK [0][-]{chapter.8}{\376\377\000M\000o\000d\000\351\000l\000i\000s\000a\000t\000i\000o\000n\000\040\000m\000a\000t\000h\000\351\000m\000a\000t\000i\000q\000u\000e\000\040\000\050\000\340\000\040\000n\000e\000\040\000p\000a\000s\000\040\000n\000\351\000g\000l\000i\000g\000e\000r\000\051}{}% 28
\BOOKMARK [1][-]{section.8.1}{\376\377\000N\000o\000t\000a\000t\000i\000o\000n\000s}{chapter.8}% 29
\BOOKMARK [1][-]{section.8.2}{\376\377\000I\000n\000v\000a\000r\000i\000a\000n\000t\000\040\000d\000e\000\040\000l\000a\000\040\000d\000o\000u\000b\000l\000e\000\040\000e\000n\000t\000r\000\351\000e}{chapter.8}% 30
\BOOKMARK [1][-]{section.8.3}{\376\377\000B\000a\000l\000a\000n\000c\000e\000,\000\040\000g\000r\000a\000n\000d\000\040\000l\000i\000v\000r\000e\000,\000\040\000c\000o\000m\000p\000t\000e\000\040\000d\000e\000\040\000r\000\351\000s\000u\000l\000t\000a\000t\000,\000\040\000b\000i\000l\000a\000n\000\040\000\050\000f\000o\000r\000m\000a\000l\000i\000s\000m\000e\000\051}{chapter.8}% 31
\BOOKMARK [2][-]{subsection.8.3.1}{\376\377\000G\000r\000a\000n\000d\000\040\000l\000i\000v\000r\000e\000\040\000\050\000p\000a\000r\000\040\000c\000o\000m\000p\000t\000e\000\051}{section.8.3}% 32
\BOOKMARK [2][-]{subsection.8.3.2}{\376\377\000B\000a\000l\000a\000n\000c\000e\000\040\000d\000e\000s\000\040\000c\000o\000m\000p\000t\000e\000s}{section.8.3}% 33
\BOOKMARK [2][-]{subsection.8.3.3}{\376\377\000C\000o\000m\000p\000t\000e\000\040\000d\000e\000\040\000r\000\351\000s\000u\000l\000t\000a\000t}{section.8.3}% 34
\BOOKMARK [2][-]{subsection.8.3.4}{\376\377\000B\000i\000l\000a\000n}{section.8.3}% 35
\BOOKMARK [1][-]{section.8.4}{\376\377\000C\000o\000n\000t\000r\000a\000i\000n\000t\000e\000s\000\040\000d\000e\000\040\000p\000\351\000r\000i\000o\000d\000e}{chapter.8}% 36
\BOOKMARK [1][-]{section.8.5}{\376\377\000M\000a\000c\000h\000i\000n\000e\000\040\000\340\000\040\000\351\000t\000a\000t\000s\000\040\000\050\000\351\000c\000r\000i\000t\000u\000r\000e\000s\000\051}{chapter.8}% 37
\BOOKMARK [1][-]{section.8.6}{\376\377\000L\000e\000t\000t\000r\000a\000g\000e}{chapter.8}% 38
\BOOKMARK [1][-]{section.8.7}{\376\377\000P\000o\000i\000n\000t\000a\000g\000e\000\040\000b\000a\000n\000c\000a\000i\000r\000e}{chapter.8}% 39
\BOOKMARK [0][-]{chapter.9}{\376\377\000C\000o\000n\000c\000e\000p\000t\000i\000o\000n\000\040\000d\000e\000s\000\040\000s\000e\000r\000v\000i\000c\000e\000s\000\040\000\050\000e\000x\000t\000r\000a\000i\000t\000\051}{}% 40
\BOOKMARK [1][-]{section.9.1}{\376\377\000S\000e\000r\000v\000i\000c\000e\000\040\000d\000e\000s\000\040\000\351\000c\000r\000i\000t\000u\000r\000e\000s}{chapter.9}% 41
\BOOKMARK [0][-]{chapter.10}{\376\377\000D\000\351\000p\000l\000o\000i\000e\000m\000e\000n\000t\000\040\000e\000t\000\040\000e\000x\000p\000l\000o\000i\000t\000a\000t\000i\000o\000n}{}% 42
\BOOKMARK [1][-]{section.10.1}{\376\377\000C\000o\000n\000f\000i\000g\000u\000r\000a\000t\000i\000o\000n}{chapter.10}% 43
\BOOKMARK [1][-]{section.10.2}{\376\377\000D\000o\000c\000k\000e\000r\000\040\000/\000\040\000C\000o\000m\000p\000o\000s\000e}{chapter.10}% 44
\BOOKMARK [1][-]{section.10.3}{\376\377\000C\000I\000/\000C\000D}{chapter.10}% 45
\BOOKMARK [0][-]{chapter.11}{\376\377\000R\000i\000s\000q\000u\000e\000s\000,\000\040\000d\000e\000t\000t\000e\000\040\000t\000e\000c\000h\000n\000i\000q\000u\000e\000\040\000e\000t\000\040\000r\000e\000c\000o\000m\000m\000a\000n\000d\000a\000t\000i\000o\000n\000s}{}% 46
\BOOKMARK [0][-]{appendix.A}{\376\377\000A\000n\000n\000e\000x\000e\000s}{}% 47
\BOOKMARK [0][-]{appendix.B}{\376\377\000A\000n\000n\000e\000x\000e\000\040\000A\000\040\040\024\000\040\000S\000p\000\351\000c\000i\000f\000i\000c\000a\000t\000i\000o\000n\000\040\000A\000P\000I\000\040\000\050\000e\000x\000h\000a\000u\000s\000t\000i\000v\000e\000\051}{}% 48
\BOOKMARK [1][-]{section.B.1}{\376\377\000I\000n\000t\000r\000o\000d\000u\000c\000t\000i\000o\000n}{appendix.B}% 49
\BOOKMARK [1][-]{section.B.2}{\376\377\000E\000c\000r\000i\000t\000u\000r\000e\000C\000o\000m\000p\000t\000a\000b\000l\000e\000C\000o\000n\000t\000r\000o\000l\000l\000e\000r\000\040\040\024\000\040\000/\000a\000p\000i\000/\000a\000c\000c\000o\000u\000n\000t\000i\000n\000g\000/\000e\000c\000r\000i\000t\000u\000r\000e\000s}{appendix.B}% 50
\BOOKMARK [1][-]{section.B.3}{\376\377\000C\000o\000m\000p\000t\000e\000C\000o\000n\000t\000r\000o\000l\000l\000e\000r\000\040\040\024\000\040\000/\000a\000p\000i\000/\000a\000c\000c\000o\000u\000n\000t\000i\000n\000g\000/\000c\000o\000m\000p\000t\000e\000s}{appendix.B}% 51
\BOOKMARK [1][-]{section.B.4}{\376\377\000P\000l\000a\000n\000C\000o\000m\000p\000t\000a\000b\000l\000e\000C\000o\000n\000t\000r\000o\000l\000l\000e\000r\000\040\040\024\000\040\000/\000a\000p\000i\000/\000a\000c\000c\000o\000u\000n\000t\000i\000n\000g\000/\000p\000l\000a\000n\000-\000c\000o\000m\000p\000t\000a\000b\000l\000e}{appendix.B}% 52
\BOOKMARK [1][-]{section.B.5}{\376\377\000J\000o\000u\000r\000n\000a\000l\000C\000o\000m\000p\000t\000a\000b\000l\000e\000C\000o\000n\000t\000r\000o\000l\000l\000e\000r\000\040\040\024\000\040\000/\000a\000p\000i\000/\000a\000c\000c\000o\000u\000n\000t\000i\000n\000g\000/\000j\000o\000u\000r\000n\000a\000l\000s}{appendix.B}% 53
\BOOKMARK [1][-]{section.B.6}{\376\377\000P\000e\000r\000i\000o\000d\000e\000C\000o\000m\000p\000t\000a\000b\000l\000e\000C\000o\000n\000t\000r\000o\000l\000l\000e\000r\000\040\040\024\000\040\000/\000a\000p\000i\000/\000a\000c\000c\000o\000u\000n\000t\000i\000n\000g\000/\000p\000e\000r\000i\000o\000d\000e\000s}{appendix.B}% 54
\BOOKMARK [1][-]{section.B.7}{\376\377\000E\000x\000e\000r\000c\000i\000c\000e\000C\000o\000m\000p\000t\000a\000b\000l\000e\000C\000o\000n\000t\000r\000o\000l\000l\000e\000r\000\040\040\024\000\040\000/\000a\000p\000i\000/\000a\000c\000c\000o\000u\000n\000t\000i\000n\000g\000/\000e\000x\000e\000r\000c\000i\000c\000e\000s}{appendix.B}% 55
\BOOKMARK [1][-]{section.B.8}{\376\377\000R\000a\000p\000p\000o\000r\000t\000C\000o\000n\000t\000r\000o\000l\000l\000e\000r\000\040\040\024\000\040\000/\000a\000p\000i\000/\000a\000c\000c\000o\000u\000n\000t\000i\000n\000g\000/\000r\000a\000p\000p\000o\000r\000t}{appendix.B}% 56
\BOOKMARK [1][-]{section.B.9}{\376\377\000P\000o\000i\000n\000t\000a\000g\000e\000C\000o\000n\000t\000r\000o\000l\000l\000e\000r\000\040\040\024\000\040\000/\000a\000p\000i\000/\000a\000c\000c\000o\000u\000n\000t\000i\000n\000g\000/\000p\000o\000i\000n\000t\000a\000g\000e}{appendix.B}% 57
\BOOKMARK [1][-]{section.B.10}{\376\377\000L\000e\000t\000t\000r\000a\000g\000e\000C\000o\000n\000t\000r\000o\000l\000l\000e\000r\000\040\040\024\000\040\000/\000a\000p\000i\000/\000c\000o\000m\000p\000t\000a\000b\000l\000e\000/\000l\000e\000t\000t\000r\000a\000g\000e}{appendix.B}% 58
\BOOKMARK [1][-]{section.B.11}{\376\377\000N\000o\000t\000e}{appendix.B}% 59
\BOOKMARK [0][-]{appendix.C}{\376\377\000A\000n\000n\000e\000x\000e\000\040\000B\000\040\040\024\000\040\000D\000i\000c\000t\000i\000o\000n\000n\000a\000i\000r\000e\000\040\000d\000e\000\040\000d\000o\000n\000n\000\351\000e\000s\000\040\000\050\000e\000x\000h\000a\000u\000s\000t\000i\000f\000\051}{}% 60
\BOOKMARK [1][-]{section.C.1}{\376\377\000P\000r\000i\000n\000c\000i\000p\000e}{appendix.C}% 61
\BOOKMARK [1][-]{section.C.2}{\376\377\000T\000a\000b\000l\000e\000s\000\040\000c\001\123\000u\000r\000\040\000\050\000c\000o\000m\000p\000t\000a\000b\000i\000l\000i\000t\000\351\000\051}{appendix.C}% 62
\BOOKMARK [2][-]{subsection.C.2.1}{\376\377\000o\000r\000g\000a\000n\000i\000z\000a\000t\000i\000o\000n\000s}{section.C.2}% 63
\BOOKMARK [2][-]{subsection.C.2.2}{\376\377\000c\000o\000m\000p\000t\000e\000s}{section.C.2}% 64
\BOOKMARK [2][-]{subsection.C.2.3}{\376\377\000p\000l\000a\000n\000s\000\137\000c\000o\000m\000p\000t\000a\000b\000l\000e\000s}{section.C.2}% 65
\BOOKMARK [2][-]{subsection.C.2.4}{\376\377\000j\000o\000u\000r\000n\000a\000u\000x\000\137\000c\000o\000m\000p\000t\000a\000b\000l\000e\000s}{section.C.2}% 66
\BOOKMARK [2][-]{subsection.C.2.5}{\376\377\000e\000x\000e\000r\000c\000i\000c\000e\000s\000\137\000c\000o\000m\000p\000t\000a\000b\000l\000e\000s}{section.C.2}% 67
\BOOKMARK [2][-]{subsection.C.2.6}{\376\377\000p\000e\000r\000i\000o\000d\000e\000s\000\137\000c\000o\000m\000p\000t\000a\000b\000l\000e\000s}{section.C.2}% 68
\BOOKMARK [2][-]{subsection.C.2.7}{\376\377\000e\000c\000r\000i\000t\000u\000r\000e\000s\000\137\000c\000o\000m\000p\000t\000a\000b\000l\000e\000s}{section.C.2}% 69
\BOOKMARK [2][-]{subsection.C.2.8}{\376\377\000d\000e\000t\000a\000i\000l\000s\000\137\000e\000c\000r\000i\000t\000u\000r\000e\000s}{section.C.2}% 70
\BOOKMARK [2][-]{subsection.C.2.9}{\376\377\000j\000o\000u\000r\000n\000a\000l\000\137\000a\000u\000d\000i\000t}{section.C.2}% 71
\BOOKMARK [1][-]{section.C.3}{\376\377\000T\000a\000b\000l\000e\000s\000\040\000a\000v\000a\000n\000c\000\351\000e\000s\000\040\000\050\000e\000x\000t\000r\000a\000i\000t\000s\000\051}{appendix.C}% 72
\BOOKMARK [2][-]{subsection.C.3.1}{\376\377\000b\000r\000o\000u\000i\000l\000l\000a\000r\000d\000s\000\137\000c\000o\000m\000p\000t\000a\000b\000l\000e\000s}{section.C.3}% 73
\BOOKMARK [2][-]{subsection.C.3.2}{\376\377\000i\000m\000m\000o\000b\000i\000l\000i\000s\000a\000t\000i\000o\000n\000s\000\040\000/\000\040\000a\000m\000o\000r\000t\000i\000s\000s\000e\000m\000e\000n\000t\000s\000\137\000l\000i\000g\000n\000e\000s}{section.C.3}% 74
\BOOKMARK [1][-]{section.C.4}{\376\377\000N\000o\000t\000e\000\040\000d\000e\000\040\000c\000o\000m\000p\000l\000\351\000t\000u\000d\000e}{appendix.C}% 75
\BOOKMARK [1][-]{section.C.5}{\376\377\000P\000r\000i\000n\000c\000i\000p\000a\000u\000x\000\040\000f\000i\000c\000h\000i\000e\000r\000s\000\040\000d\000e\000\040\000r\000\351\000f\000\351\000r\000e\000n\000c\000e}{appendix.C}% 76
